<?xml version="1.0" encoding="UTF-8"?>
<!-- Generated by org.testng.reporters.JUnitReportReporter -->
<testsuite hostname="DESKTOP-DC93QGP" name="testScripts.ParabankLoginCheck" tests="1" failures="0" timestamp="15 May 2021 07:49:08 GMT" time="18.669" errors="0">
  <testcase name="Parabank_Login" time="18.669" classname="testScripts.ParabankLoginCheck"/>
</testsuite> <!-- testScripts.ParabankLoginCheck -->
