<?xml version="1.0" encoding="UTF-8"?>
<!-- Generated by org.testng.reporters.JUnitReportReporter -->
<testsuite hostname="DESKTOP-Q6HET03" name="testScripts.one" tests="1" failures="0" timestamp="9 Jul 2020 12:17:31 GMT" time="1.057" errors="0">
  <testcase name="excel" time="1.057" classname="testScripts.one"/>
</testsuite> <!-- testScripts.one -->
