<?xml version="1.0" encoding="UTF-8"?>
<!-- Generated by org.testng.reporters.JUnitReportReporter -->
<testsuite hostname="DESKTOP-DC93QGP" name="testScripts.AddressUpdate" tests="1" failures="0" timestamp="30 Mar 2021 06:20:31 GMT" time="39.725" errors="0">
  <testcase name="Product_Selection" time="39.725" classname="testScripts.AddressUpdate"/>
</testsuite> <!-- testScripts.AddressUpdate -->
