<?xml version="1.0" encoding="UTF-8"?>
<!-- Generated by org.testng.reporters.JUnitReportReporter -->
<testsuite hostname="DESKTOP-Q6HET03" name="testScripts.Cleanup" tests="1" failures="0" timestamp="9 Jul 2020 11:09:43 GMT" time="0.092" errors="0">
  <testcase name="cleanupTask" time="0.092" classname="testScripts.Cleanup"/>
</testsuite> <!-- testScripts.Cleanup -->
