<?xml version="1.0" encoding="UTF-8"?>
<!-- Generated by org.testng.reporters.JUnitReportReporter -->
<testsuite hostname="DESKTOP-DC93QGP" name="testScripts.UserRegistration" tests="1" failures="0" timestamp="15 May 2021 07:49:08 GMT" time="19.846" errors="0">
  <testcase name="user_registration" time="19.846" classname="testScripts.UserRegistration"/>
</testsuite> <!-- testScripts.UserRegistration -->
