<?xml version="1.0" encoding="UTF-8"?>
<!-- Generated by org.testng.reporters.JUnitReportReporter -->
<testsuite hostname="DESKTOP-DC93QGP" name="testScripts.CreateOpenAccount" tests="1" failures="0" timestamp="15 May 2021 07:49:08 GMT" time="26.409" errors="0">
  <testcase name="Parabank_Login" time="26.409" classname="testScripts.CreateOpenAccount"/>
</testsuite> <!-- testScripts.CreateOpenAccount -->
