<?xml version="1.0" encoding="UTF-8"?>
<!-- Generated by org.testng.reporters.JUnitReportReporter -->
<testsuite hostname="DESKTOP-DC93QGP" name="testScripts.EditUser" tests="1" failures="0" timestamp="29 Mar 2021 16:22:58 GMT" time="23.938" errors="0">
  <testcase name="orageHRM_edit_user" time="23.938" classname="testScripts.EditUser"/>
</testsuite> <!-- testScripts.EditUser -->
