<?xml version="1.0" encoding="UTF-8"?>
<!-- Generated by org.testng.reporters.JUnitReportReporter -->
<testsuite hostname="DESKTOP-DC93QGP" name="testScripts.CreateUser" tests="1" failures="0" timestamp="29 Mar 2021 16:22:58 GMT" time="19.642" errors="0">
  <testcase name="orageHRM_create_user" time="19.642" classname="testScripts.CreateUser"/>
</testsuite> <!-- testScripts.CreateUser -->
