<?xml version="1.0" encoding="UTF-8"?>
<!-- Generated by org.testng.reporters.JUnitReportReporter -->
<testsuite hostname="DESKTOP-Q6HET03" name="testScripts.three" tests="1" failures="0" timestamp="9 Jul 2020 06:56:29 GMT" time="0.007" errors="0">
  <testcase name="dis" time="0.007" classname="testScripts.three"/>
</testsuite> <!-- testScripts.three -->
