<?xml version="1.0" encoding="UTF-8"?>
<!-- Generated by org.testng.reporters.JUnitReportReporter -->
<testsuite hostname="DESKTOP-DC93QGP" name="testScripts.ProductSelection" tests="1" failures="0" timestamp="30 Mar 2021 08:07:13 GMT" time="54.311" errors="0">
  <testcase name="Product_Selection" time="54.311" classname="testScripts.ProductSelection"/>
</testsuite> <!-- testScripts.ProductSelection -->
