<?xml version="1.0" encoding="UTF-8"?>
<!-- Generated by org.testng.reporters.JUnitReportReporter -->
<testsuite hostname="DESKTOP-DC93QGP" name="testScripts.ProductSelection" tests="1" failures="0" timestamp="30 Mar 2021 06:20:31 GMT" time="26.398" errors="0">
  <testcase name="Product_Selection" time="26.398" classname="testScripts.ProductSelection"/>
</testsuite> <!-- testScripts.ProductSelection -->
